<?xml version="1.0" encoding="UTF-8"?>
<!-- Generated by org.testng.reporters.JUnitReportReporter -->
<testsuite hostname="DESKTOP-TKP4QV9" failures="0" tests="1" name="SeleniumWithJava.Basic_TestNG" time="7.152" errors="0" timestamp="2025-01-16T14:42:02 IST" skipped="0">
  <testcase classname="SeleniumWithJava.Basic_TestNG" name="launchBrowser" time="7.152"/>
</testsuite> <!-- SeleniumWithJava.Basic_TestNG -->
