<?xml version="1.0" encoding="UTF-8"?>
<!-- Generated by org.testng.reporters.JUnitReportReporter -->
<testsuite skipped="0" hostname="Lenovo-PC" name="TestPackage.Test2" tests="4" failures="0" timestamp="2023-07-28T11:04:15 IST" time="0.022" errors="0">
  <testcase name="ab" time="0.003" classname="TestPackage.Test2"/>
  <system-out/>
  <testcase name="z" time="0.002" classname="TestPackage.Test2"/>
  <system-out/>
  <testcase name="a1" time="0.015" classname="TestPackage.Test2"/>
  <system-out/>
  <testcase name="a3" time="0.002" classname="TestPackage.Test2"/>
  <system-out/>
</testsuite> <!-- TestPackage.Test2 -->
