<?xml version="1.0" encoding="UTF-8"?>
<!-- Generated by org.testng.reporters.JUnitReportReporter -->
<testsuite skipped="2" hostname="Lenovo-PC" name="TestPackage.Test3" tests="5" failures="0" timestamp="2023-07-28T11:13:26 IST" time="0.016" errors="0">
  <testcase name="d" time="0.002" classname="TestPackage.Test3"/>
  <system-out/>
  <testcase name="f" time="0.003" classname="TestPackage.Test3">
    <skipped/>
  </testcase> <!-- f -->
  <system-out/>
  <testcase name="c" time="0.010" classname="TestPackage.Test3"/>
  <system-out/>
  <testcase name="d" time="0.001" classname="TestPackage.Test3"/>
  <system-out/>
  <testcase name="b" classname="TestPackage.Test3">
    <skipped/>
  </testcase> <!-- b -->
  <system-out/>
</testsuite> <!-- TestPackage.Test3 -->
