<?xml version="1.0" encoding="UTF-8"?>
<!-- Generated by org.testng.reporters.JUnitReportReporter -->
<testsuite skipped="0" hostname="Lenovo-PC" name="TestPackage.Test1" tests="2" failures="0" timestamp="2023-07-28T11:03:40 IST" time="0.017" errors="0">
  <testcase name="a1" time="0.009" classname="TestPackage.Test1"/>
  <system-out/>
  <testcase name="a2" time="0.008" classname="TestPackage.Test1"/>
  <system-out/>
</testsuite> <!-- TestPackage.Test1 -->
