<?xml version="1.0" encoding="UTF-8"?>
<!-- Generated by org.testng.reporters.JUnitReportReporter -->
<testsuite skipped="1" hostname="Lenovo-PC" name="TestPackage.Test4" tests="4" failures="0" timestamp="2023-07-28T12:04:14 IST" time="0.028" errors="0">
  <testcase name="c" time="0.006" classname="TestPackage.Test4"/>
  <system-out/>
  <testcase name="c" time="0.014" classname="TestPackage.Test4"/>
  <system-out/>
  <testcase name="a" time="0.008" classname="TestPackage.Test4"/>
  <system-out/>
  <testcase name="b" classname="TestPackage.Test4">
    <skipped/>
  </testcase> <!-- b -->
  <system-out/>
</testsuite> <!-- TestPackage.Test4 -->
